0 info it worked if it ends with ok
1 verbose cli [ '/Users/terrykitsune/.nvm/versions/node/v6.11.1/bin/node',
1 verbose cli   '/Users/terrykitsune/.nvm/versions/node/v6.11.1/bin/npm',
1 verbose cli   'run',
1 verbose cli   'build' ]
2 info using npm@3.10.10
3 info using node@v6.11.1
4 verbose run-script [ 'prebuild', 'build', 'postbuild' ]
5 info lifecycle hexo-theme-archer@1.5.0~prebuild: hexo-theme-archer@1.5.0
6 silly lifecycle hexo-theme-archer@1.5.0~prebuild: no script for prebuild, continuing
7 info lifecycle hexo-theme-archer@1.5.0~build: hexo-theme-archer@1.5.0
8 verbose lifecycle hexo-theme-archer@1.5.0~build: unsafe-perm in lifecycle true
9 verbose lifecycle hexo-theme-archer@1.5.0~build: PATH: /Users/terrykitsune/.nvm/versions/node/v6.11.1/lib/node_modules/npm/bin/node-gyp-bin:/Users/terrykitsune/workshop/terrynini.github.io/themes/archer/node_modules/.bin:/Users/terrykitsune/.nvm/versions/node/v6.11.1/bin:/Users/terrykitsune/anaconda2/bin:/Users/terrykitsune/anaconda3/bin:/usr/local/bin:/usr/bin:/bin:/usr/sbin:/sbin:/Applications/MATLAB_R2016b.app/bin/:/usr/local/opt/qt@5.5/bin/:/Users/terrykitsune/Library/Android/sdk/platform-tools:/Applications/VMware Fusion.app/Contents/Public:/opt/X11/bin:/Applications/Wireshark.app/Contents/MacOS
10 verbose lifecycle hexo-theme-archer@1.5.0~build: CWD: /Users/terrykitsune/workshop/terrynini.github.io/themes/archer
11 silly lifecycle hexo-theme-archer@1.5.0~build: Args: [ '-c', 'gulp build --option' ]
12 silly lifecycle hexo-theme-archer@1.5.0~build: Returned: code: 1  signal: null
13 info lifecycle hexo-theme-archer@1.5.0~build: Failed to exec build script
14 verbose stack Error: hexo-theme-archer@1.5.0 build: `gulp build --option`
14 verbose stack Exit status 1
14 verbose stack     at EventEmitter.<anonymous> (/Users/terrykitsune/.nvm/versions/node/v6.11.1/lib/node_modules/npm/lib/utils/lifecycle.js:255:16)
14 verbose stack     at emitTwo (events.js:106:13)
14 verbose stack     at EventEmitter.emit (events.js:191:7)
14 verbose stack     at ChildProcess.<anonymous> (/Users/terrykitsune/.nvm/versions/node/v6.11.1/lib/node_modules/npm/lib/utils/spawn.js:40:14)
14 verbose stack     at emitTwo (events.js:106:13)
14 verbose stack     at ChildProcess.emit (events.js:191:7)
14 verbose stack     at maybeClose (internal/child_process.js:891:16)
14 verbose stack     at Process.ChildProcess._handle.onexit (internal/child_process.js:226:5)
15 verbose pkgid hexo-theme-archer@1.5.0
16 verbose cwd /Users/terrykitsune/workshop/terrynini.github.io/themes/archer
17 error Darwin 18.2.0
18 error argv "/Users/terrykitsune/.nvm/versions/node/v6.11.1/bin/node" "/Users/terrykitsune/.nvm/versions/node/v6.11.1/bin/npm" "run" "build"
19 error node v6.11.1
20 error npm  v3.10.10
21 error code ELIFECYCLE
22 error hexo-theme-archer@1.5.0 build: `gulp build --option`
22 error Exit status 1
23 error Failed at the hexo-theme-archer@1.5.0 build script 'gulp build --option'.
23 error Make sure you have the latest version of node.js and npm installed.
23 error If you do, this is most likely a problem with the hexo-theme-archer package,
23 error not with npm itself.
23 error Tell the author that this fails on your system:
23 error     gulp build --option
23 error You can get information on how to open an issue for this project with:
23 error     npm bugs hexo-theme-archer
23 error Or if that isn't available, you can get their info via:
23 error     npm owner ls hexo-theme-archer
23 error There is likely additional logging output above.
24 verbose exit [ 1, true ]
